Added Component: Designator=C1(C_ERA-0805)
Added Component: Designator=C2(C_ERA-0805)
Added Component: Designator=C3(C_ERA-0805)
Added Component: Designator=C4(C_ERA-0805)
Added Component: Designator=C5(C_0402)
Added Component: Designator=C6(C_ERA-0402)
Added Component: Designator=C7(C_ERA-0402)
Added Component: Designator=C8(C_ERA-0402)
Added Component: Designator=C9(C_ERA-0402)
Added Component: Designator=C10(C_ERA-0402)
Added Component: Designator=C11(C_ERA-0402)
Added Component: Designator=C12(C_ERA-0402)
Added Component: Designator=C13(C_ERA-0402)
Added Component: Designator=C14(C_ERA-0402)
Added Component: Designator=C15(C_ERA-0402)
Added Component: Designator=C16(C_ERA-0402)
Added Component: Designator=C17(C_ERA-0402)
Added Component: Designator=C18(C_ERA-0402)
Added Component: Designator=C19(C_ERA-0402)
Added Component: Designator=C20(C_0402)
Added Component: Designator=C21(C_0402)
Added Component: Designator=C22(C_0402)
Added Component: Designator=C23(C_0402)
Added Component: Designator=C24(C_0402)
Added Component: Designator=C25(C_0402)
Added Component: Designator=C26(C_0402)
Added Component: Designator=C27(C_0402)
Added Component: Designator=C28(C_0402)
Added Component: Designator=C29(C_ERA-0402)
Added Component: Designator=C30(C_ERA-0805)
Added Component: Designator=C31(C_ERA-0402)
Added Component: Designator=C32(C_ERA-0805)
Added Component: Designator=C33(C_ERA-0805)
Added Component: Designator=C34(C_ERA-0402)
Added Component: Designator=C35(C_ERA-0402)
Added Component: Designator=D1(DIOM5226X23L)
Added Component: Designator=J1(PMOD PERIPHERAL)
Added Component: Designator=J2(PMOD PERIPHERAL)
Added Component: Designator=J3(FPC_40PIN)
Added Component: Designator=L1(INDNRH1212)
Added Component: Designator=L2(INDNRH1212)
Added Component: Designator=R1(R_0402)
Added Component: Designator=R2(R_0402)
Added Component: Designator=R3(ERA-0402)
Added Component: Designator=R4(ERA-0402)
Added Component: Designator=R5(R_0402)
Added Component: Designator=R6(R_0402)
Added Component: Designator=U1(LQFP128)
Added Component: Designator=U2(QFN50P200X200X80-8L)
Added Component: Designator=U3(MF05A_N)
Added Component: Designator=Y1(SMD_OSC_8MHZ)
Added Pin To Net: NetName=CONF Pin=R1-2
Added Pin To Net: NetName=CONF Pin=R2-1
Added Pin To Net: NetName=CONF Pin=U1-128
Added Net: Name=CONF
Added Pin To Net: NetName=CS_N Pin=J1-7
Added Pin To Net: NetName=CS_N Pin=U1-123
Added Net: Name=CS_N
Added Pin To Net: NetName=D0 Pin=J2-1
Added Pin To Net: NetName=D0 Pin=U1-7
Added Net: Name=D0
Added Pin To Net: NetName=D1 Pin=J2-2
Added Pin To Net: NetName=D1 Pin=U1-8
Added Net: Name=D1
Added Pin To Net: NetName=D2 Pin=J2-3
Added Pin To Net: NetName=D2 Pin=U1-9
Added Net: Name=D2
Added Pin To Net: NetName=D3 Pin=J2-4
Added Pin To Net: NetName=D3 Pin=U1-10
Added Net: Name=D3
Added Pin To Net: NetName=D4 Pin=J2-7
Added Pin To Net: NetName=D4 Pin=U1-11
Added Net: Name=D4
Added Pin To Net: NetName=D5 Pin=J2-8
Added Pin To Net: NetName=D5 Pin=U1-116
Added Net: Name=D5
Added Pin To Net: NetName=D6 Pin=J2-9
Added Pin To Net: NetName=D6 Pin=U1-115
Added Net: Name=D6
Added Pin To Net: NetName=D7 Pin=J2-10
Added Pin To Net: NetName=D7 Pin=U1-114
Added Net: Name=D7
Added Pin To Net: NetName=DC Pin=J1-8
Added Pin To Net: NetName=DC Pin=U1-122
Added Net: Name=DC
Added Pin To Net: NetName=GND Pin=C1-1
Added Pin To Net: NetName=GND Pin=C2-1
Added Pin To Net: NetName=GND Pin=C3-1
Added Pin To Net: NetName=GND Pin=C4-1
Added Pin To Net: NetName=GND Pin=C5-1
Added Pin To Net: NetName=GND Pin=C6-1
Added Pin To Net: NetName=GND Pin=C7-1
Added Pin To Net: NetName=GND Pin=C8-1
Added Pin To Net: NetName=GND Pin=C9-1
Added Pin To Net: NetName=GND Pin=C10-1
Added Pin To Net: NetName=GND Pin=C11-1
Added Pin To Net: NetName=GND Pin=C12-1
Added Pin To Net: NetName=GND Pin=C13-1
Added Pin To Net: NetName=GND Pin=C14-1
Added Pin To Net: NetName=GND Pin=C15-1
Added Pin To Net: NetName=GND Pin=C16-1
Added Pin To Net: NetName=GND Pin=C17-1
Added Pin To Net: NetName=GND Pin=C18-1
Added Pin To Net: NetName=GND Pin=C19-1
Added Pin To Net: NetName=GND Pin=C20-1
Added Pin To Net: NetName=GND Pin=C21-1
Added Pin To Net: NetName=GND Pin=C22-1
Added Pin To Net: NetName=GND Pin=C23-1
Added Pin To Net: NetName=GND Pin=C24-1
Added Pin To Net: NetName=GND Pin=C25-1
Added Pin To Net: NetName=GND Pin=C26-1
Added Pin To Net: NetName=GND Pin=C27-1
Added Pin To Net: NetName=GND Pin=C28-1
Added Pin To Net: NetName=GND Pin=C29-1
Added Pin To Net: NetName=GND Pin=C30-1
Added Pin To Net: NetName=GND Pin=C31-1
Added Pin To Net: NetName=GND Pin=C32-1
Added Pin To Net: NetName=GND Pin=C33-1
Added Pin To Net: NetName=GND Pin=C34-1
Added Pin To Net: NetName=GND Pin=C35-1
Added Pin To Net: NetName=GND Pin=J1-5
Added Pin To Net: NetName=GND Pin=J1-11
Added Pin To Net: NetName=GND Pin=J2-5
Added Pin To Net: NetName=GND Pin=J2-11
Added Pin To Net: NetName=GND Pin=J3-3
Added Pin To Net: NetName=GND Pin=J3-29
Added Pin To Net: NetName=GND Pin=J3-36
Added Pin To Net: NetName=GND Pin=R2-2
Added Pin To Net: NetName=GND Pin=R4-2
Added Pin To Net: NetName=GND Pin=R5-2
Added Pin To Net: NetName=GND Pin=R6-2
Added Pin To Net: NetName=GND Pin=U1-2
Added Pin To Net: NetName=GND Pin=U1-3
Added Pin To Net: NetName=GND Pin=U1-5
Added Pin To Net: NetName=GND Pin=U1-13
Added Pin To Net: NetName=GND Pin=U1-15
Added Pin To Net: NetName=GND Pin=U1-17
Added Pin To Net: NetName=GND Pin=U1-19
Added Pin To Net: NetName=GND Pin=U1-20
Added Pin To Net: NetName=GND Pin=U1-23
Added Pin To Net: NetName=GND Pin=U1-26
Added Pin To Net: NetName=GND Pin=U1-33
Added Pin To Net: NetName=GND Pin=U1-41
Added Pin To Net: NetName=GND Pin=U1-47
Added Pin To Net: NetName=GND Pin=U1-55
Added Pin To Net: NetName=GND Pin=U1-57
Added Pin To Net: NetName=GND Pin=U1-65
Added Pin To Net: NetName=GND Pin=U1-74
Added Pin To Net: NetName=GND Pin=U1-83
Added Pin To Net: NetName=GND Pin=U1-94
Added Pin To Net: NetName=GND Pin=U1-96
Added Pin To Net: NetName=GND Pin=U1-101
Added Pin To Net: NetName=GND Pin=U1-109
Added Pin To Net: NetName=GND Pin=U1-118
Added Pin To Net: NetName=GND Pin=U1-125
Added Pin To Net: NetName=GND Pin=U2-2
Added Pin To Net: NetName=GND Pin=U2-3
Added Pin To Net: NetName=GND Pin=U2-9
Added Pin To Net: NetName=GND Pin=U3-2
Added Pin To Net: NetName=GND Pin=Y1-2
Added Pin To Net: NetName=GND Pin=Y1-4
Added Net: Name=GND
Added Pin To Net: NetName=GPIO0 Pin=J3-31
Added Pin To Net: NetName=GPIO0 Pin=U1-36
Added Net: Name=GPIO0
Added Pin To Net: NetName=LDATA0 Pin=J3-21
Added Pin To Net: NetName=LDATA0 Pin=U1-81
Added Net: Name=LDATA0
Added Pin To Net: NetName=LDATA1 Pin=J3-22
Added Pin To Net: NetName=LDATA1 Pin=U1-80
Added Net: Name=LDATA1
Added Pin To Net: NetName=LDATA2 Pin=J3-23
Added Pin To Net: NetName=LDATA2 Pin=U1-79
Added Net: Name=LDATA2
Added Pin To Net: NetName=LDATA3 Pin=J3-24
Added Pin To Net: NetName=LDATA3 Pin=U1-78
Added Net: Name=LDATA3
Added Pin To Net: NetName=LDATA4 Pin=J3-25
Added Pin To Net: NetName=LDATA4 Pin=U1-77
Added Net: Name=LDATA4
Added Pin To Net: NetName=LDATA5 Pin=J3-26
Added Pin To Net: NetName=LDATA5 Pin=U1-76
Added Net: Name=LDATA5
Added Pin To Net: NetName=LDATA6 Pin=J3-27
Added Pin To Net: NetName=LDATA6 Pin=U1-72
Added Net: Name=LDATA6
Added Pin To Net: NetName=LDATA7 Pin=J3-28
Added Pin To Net: NetName=LDATA7 Pin=U1-71
Added Net: Name=LDATA7
Added Pin To Net: NetName=LDATA8 Pin=J3-13
Added Pin To Net: NetName=LDATA8 Pin=U1-70
Added Net: Name=LDATA8
Added Pin To Net: NetName=LDATA9 Pin=J3-14
Added Pin To Net: NetName=LDATA9 Pin=U1-69
Added Net: Name=LDATA9
Added Pin To Net: NetName=LDATA10 Pin=J3-15
Added Pin To Net: NetName=LDATA10 Pin=U1-68
Added Net: Name=LDATA10
Added Pin To Net: NetName=LDATA11 Pin=J3-16
Added Pin To Net: NetName=LDATA11 Pin=U1-67
Added Net: Name=LDATA11
Added Pin To Net: NetName=LDATA12 Pin=J3-17
Added Pin To Net: NetName=LDATA12 Pin=U1-63
Added Net: Name=LDATA12
Added Pin To Net: NetName=LDATA13 Pin=J3-18
Added Pin To Net: NetName=LDATA13 Pin=U1-62
Added Net: Name=LDATA13
Added Pin To Net: NetName=LDATA14 Pin=J3-19
Added Pin To Net: NetName=LDATA14 Pin=U1-61
Added Net: Name=LDATA14
Added Pin To Net: NetName=LDATA15 Pin=J3-20
Added Pin To Net: NetName=LDATA15 Pin=U1-60
Added Net: Name=LDATA15
Added Pin To Net: NetName=LDATA16 Pin=J3-5
Added Pin To Net: NetName=LDATA16 Pin=U1-59
Added Net: Name=LDATA16
Added Pin To Net: NetName=LDATA17 Pin=J3-6
Added Pin To Net: NetName=LDATA17 Pin=U1-35
Added Net: Name=LDATA17
Added Pin To Net: NetName=LDATA18 Pin=J3-7
Added Pin To Net: NetName=LDATA18 Pin=U1-86
Added Net: Name=LDATA18
Added Pin To Net: NetName=LDATA19 Pin=J3-8
Added Pin To Net: NetName=LDATA19 Pin=U1-85
Added Net: Name=LDATA19
Added Pin To Net: NetName=LDATA20 Pin=J3-9
Added Pin To Net: NetName=LDATA20 Pin=U1-31
Added Net: Name=LDATA20
Added Pin To Net: NetName=LDATA21 Pin=J3-10
Added Pin To Net: NetName=LDATA21 Pin=U1-30
Added Net: Name=LDATA21
Added Pin To Net: NetName=LDATA22 Pin=J3-11
Added Pin To Net: NetName=LDATA22 Pin=U1-29
Added Net: Name=LDATA22
Added Pin To Net: NetName=LDATA23 Pin=J3-12
Added Pin To Net: NetName=LDATA23 Pin=U1-28
Added Net: Name=LDATA23
Added Pin To Net: NetName=LDEN Pin=J3-34
Added Pin To Net: NetName=LDEN Pin=U1-49
Added Net: Name=LDEN
Added Pin To Net: NetName=LED+ Pin=C35-2
Added Pin To Net: NetName=LED+ Pin=D1-2
Added Pin To Net: NetName=LED+ Pin=J3-1
Added Net: Name=LED+
Added Pin To Net: NetName=LED- Pin=J3-2
Added Pin To Net: NetName=LED- Pin=R6-1
Added Pin To Net: NetName=LED- Pin=U3-3
Added Net: Name=LED-
Added Pin To Net: NetName=LFRAME Pin=J3-33
Added Pin To Net: NetName=LFRAME Pin=U1-43
Added Net: Name=LFRAME
Added Pin To Net: NetName=LLINE Pin=J3-32
Added Pin To Net: NetName=LLINE Pin=U1-44
Added Net: Name=LLINE
Added Pin To Net: NetName=LSHIFT Pin=J3-30
Added Pin To Net: NetName=LSHIFT Pin=U1-45
Added Net: Name=LSHIFT
Added Pin To Net: NetName=NetC6_2 Pin=C6-2
Added Pin To Net: NetName=NetC6_2 Pin=U1-22
Added Pin To Net: NetName=NetC6_2 Pin=Y1-3
Added Net: Name=NetC6_2
Added Pin To Net: NetName=NetC7_2 Pin=C7-2
Added Pin To Net: NetName=NetC7_2 Pin=U1-24
Added Pin To Net: NetName=NetC7_2 Pin=Y1-1
Added Net: Name=NetC7_2
Added Pin To Net: NetName=NetD1_1 Pin=D1-1
Added Pin To Net: NetName=NetD1_1 Pin=L2-2
Added Pin To Net: NetName=NetD1_1 Pin=U3-1
Added Net: Name=NetD1_1
Added Pin To Net: NetName=NetL1_1 Pin=L1-1
Added Pin To Net: NetName=NetL1_1 Pin=U2-7
Added Net: Name=NetL1_1
Added Pin To Net: NetName=NetR3_2 Pin=R3-2
Added Pin To Net: NetName=NetR3_2 Pin=R4-1
Added Pin To Net: NetName=NetR3_2 Pin=U2-4
Added Net: Name=NetR3_2
Added Pin To Net: NetName=PWM Pin=R5-1
Added Pin To Net: NetName=PWM Pin=U1-51
Added Pin To Net: NetName=PWM Pin=U3-4
Added Net: Name=PWM
Added Pin To Net: NetName=RD_N Pin=J1-9
Added Pin To Net: NetName=RD_N Pin=U1-121
Added Net: Name=RD_N
Added Pin To Net: NetName=RESET_N Pin=J1-1
Added Pin To Net: NetName=RESET_N Pin=U1-127
Added Net: Name=RESET_N
Added Pin To Net: NetName=TE Pin=J1-3
Added Pin To Net: NetName=TE Pin=U1-50
Added Net: Name=TE
Added Pin To Net: NetName=V1P2 Pin=C8-2
Added Pin To Net: NetName=V1P2 Pin=C9-2
Added Pin To Net: NetName=V1P2 Pin=C10-2
Added Pin To Net: NetName=V1P2 Pin=C11-2
Added Pin To Net: NetName=V1P2 Pin=C12-2
Added Pin To Net: NetName=V1P2 Pin=C13-2
Added Pin To Net: NetName=V1P2 Pin=C14-2
Added Pin To Net: NetName=V1P2 Pin=C15-2
Added Pin To Net: NetName=V1P2 Pin=C16-2
Added Pin To Net: NetName=V1P2 Pin=C17-2
Added Pin To Net: NetName=V1P2 Pin=C18-2
Added Pin To Net: NetName=V1P2 Pin=C19-2
Added Pin To Net: NetName=V1P2 Pin=C29-2
Added Pin To Net: NetName=V1P2 Pin=C32-2
Added Pin To Net: NetName=V1P2 Pin=L1-2
Added Pin To Net: NetName=V1P2 Pin=R3-1
Added Pin To Net: NetName=V1P2 Pin=U1-1
Added Pin To Net: NetName=V1P2 Pin=U1-6
Added Pin To Net: NetName=V1P2 Pin=U1-14
Added Pin To Net: NetName=V1P2 Pin=U1-18
Added Pin To Net: NetName=V1P2 Pin=U1-21
Added Pin To Net: NetName=V1P2 Pin=U1-25
Added Pin To Net: NetName=V1P2 Pin=U1-32
Added Pin To Net: NetName=V1P2 Pin=U1-40
Added Pin To Net: NetName=V1P2 Pin=U1-46
Added Pin To Net: NetName=V1P2 Pin=U1-56
Added Pin To Net: NetName=V1P2 Pin=U1-64
Added Pin To Net: NetName=V1P2 Pin=U1-73
Added Pin To Net: NetName=V1P2 Pin=U1-82
Added Pin To Net: NetName=V1P2 Pin=U1-93
Added Pin To Net: NetName=V1P2 Pin=U1-102
Added Pin To Net: NetName=V1P2 Pin=U1-110
Added Pin To Net: NetName=V1P2 Pin=U1-119
Added Pin To Net: NetName=V1P2 Pin=U1-126
Added Pin To Net: NetName=V1P2 Pin=U2-5
Added Net: Name=V1P2
Added Pin To Net: NetName=V3P3 Pin=C1-2
Added Pin To Net: NetName=V3P3 Pin=C2-2
Added Pin To Net: NetName=V3P3 Pin=C3-2
Added Pin To Net: NetName=V3P3 Pin=C4-2
Added Pin To Net: NetName=V3P3 Pin=C5-2
Added Pin To Net: NetName=V3P3 Pin=C20-2
Added Pin To Net: NetName=V3P3 Pin=C21-2
Added Pin To Net: NetName=V3P3 Pin=C22-2
Added Pin To Net: NetName=V3P3 Pin=C23-2
Added Pin To Net: NetName=V3P3 Pin=C24-2
Added Pin To Net: NetName=V3P3 Pin=C25-2
Added Pin To Net: NetName=V3P3 Pin=C26-2
Added Pin To Net: NetName=V3P3 Pin=C27-2
Added Pin To Net: NetName=V3P3 Pin=C28-2
Added Pin To Net: NetName=V3P3 Pin=C30-2
Added Pin To Net: NetName=V3P3 Pin=C31-2
Added Pin To Net: NetName=V3P3 Pin=C33-2
Added Pin To Net: NetName=V3P3 Pin=C34-2
Added Pin To Net: NetName=V3P3 Pin=J1-6
Added Pin To Net: NetName=V3P3 Pin=J1-12
Added Pin To Net: NetName=V3P3 Pin=J2-6
Added Pin To Net: NetName=V3P3 Pin=J2-12
Added Pin To Net: NetName=V3P3 Pin=J3-4
Added Pin To Net: NetName=V3P3 Pin=L2-1
Added Pin To Net: NetName=V3P3 Pin=R1-1
Added Pin To Net: NetName=V3P3 Pin=U1-4
Added Pin To Net: NetName=V3P3 Pin=U1-12
Added Pin To Net: NetName=V3P3 Pin=U1-16
Added Pin To Net: NetName=V3P3 Pin=U1-27
Added Pin To Net: NetName=V3P3 Pin=U1-34
Added Pin To Net: NetName=V3P3 Pin=U1-42
Added Pin To Net: NetName=V3P3 Pin=U1-48
Added Pin To Net: NetName=V3P3 Pin=U1-54
Added Pin To Net: NetName=V3P3 Pin=U1-58
Added Pin To Net: NetName=V3P3 Pin=U1-66
Added Pin To Net: NetName=V3P3 Pin=U1-75
Added Pin To Net: NetName=V3P3 Pin=U1-84
Added Pin To Net: NetName=V3P3 Pin=U1-95
Added Pin To Net: NetName=V3P3 Pin=U1-97
Added Pin To Net: NetName=V3P3 Pin=U1-100
Added Pin To Net: NetName=V3P3 Pin=U1-108
Added Pin To Net: NetName=V3P3 Pin=U1-117
Added Pin To Net: NetName=V3P3 Pin=U1-124
Added Pin To Net: NetName=V3P3 Pin=U2-1
Added Pin To Net: NetName=V3P3 Pin=U2-8
Added Pin To Net: NetName=V3P3 Pin=U3-5
Added Net: Name=V3P3
Added Pin To Net: NetName=WR_N Pin=J1-10
Added Pin To Net: NetName=WR_N Pin=U1-120
Added Net: Name=WR_N
Added Class: Name=Block Diagram
Added Class: Name=LCD Connector
Added Class: Name=LCD Controller
Added Class: Name=Power
Added Room: Name=Block Diagram
Added Room: Name=LCD Connector
Added Room: Name=LCD Controller
Added Room: Name=Power
