Removed Pin From Net: NetName=GND Pin=J4-1
Removed Pin From Net: NetName=TPR Pin=J4-2
Removed Pin From Net: NetName=TPD Pin=J4-3
Removed Pin From Net: NetName=TPL Pin=J4-4
Removed Pin From Net: NetName=TPU Pin=J4-5
Removed Pin From Net: NetName=GND Pin=J4-6
Added Component: Designator=J5(HDR_1X6 - FEMALE)
Added Component: Designator=J6(MOLX-52271-0679)
Added Component: Designator=R7(R_0402)
Added Component: Designator=R8(R_0402)
Added Component: Designator=R9(R_0402)
Added Component: Designator=R10(R_0402)
Added Pin To Net: NetName=V3P3 Pin=J4-1
Added Pin To Net: NetName=GND Pin=J4-2
Added Pin To Net: NetName=TPR Pin=J4-3
Added Pin To Net: NetName=TPD Pin=J4-4
Added Pin To Net: NetName=TPL Pin=J4-5
Added Pin To Net: NetName=TPU Pin=J4-6
Added Pin To Net: NetName=V3P3 Pin=J5-1
Added Pin To Net: NetName=GND Pin=J5-2
Added Pin To Net: NetName=V3P3 Pin=J6-1
Added Pin To Net: NetName=GND Pin=J6-2
Added Pin To Net: NetName=GND Pin=J6-MP1
Added Pin To Net: NetName=GND Pin=J6-MP2
Added Pin To Net: NetName=V3P3 Pin=R7-1
Added Pin To Net: NetName=V3P3 Pin=R8-1
Added Pin To Net: NetName=V3P3 Pin=R9-1
Added Pin To Net: NetName=GND Pin=R10-2
Added Pin To Net: NetName=INT_N Pin=J5-5
Added Pin To Net: NetName=INT_N Pin=J6-5
Added Pin To Net: NetName=INT_N Pin=R9-2
Added Net: Name=INT_N
Added Pin To Net: NetName=SCL Pin=J5-3
Added Pin To Net: NetName=SCL Pin=J6-3
Added Pin To Net: NetName=SCL Pin=R7-2
Added Net: Name=SCL
Added Pin To Net: NetName=SDA Pin=J5-4
Added Pin To Net: NetName=SDA Pin=J6-4
Added Pin To Net: NetName=SDA Pin=R8-2
Added Net: Name=SDA
Added Pin To Net: NetName=WAKE_N Pin=J5-6
Added Pin To Net: NetName=WAKE_N Pin=J6-6
Added Pin To Net: NetName=WAKE_N Pin=R10-1
Added Net: Name=WAKE_N
