Removed Pin From Net: NetName=V3P3 Pin=T2-1
Removed Pin From Net: NetName=NetJ4_6 Pin=T2-2
Added Component: Designator=C36(C_0402)
Added Component: Designator=R11(R_0402)
Added Component: Designator=U4(TI-DGS10_L)
Added Pin To Net: NetName=GND Pin=C36-1
Added Pin To Net: NetName=V3P3 Pin=C36-2
Added Pin To Net: NetName=GND Pin=R11-1
Added Pin To Net: NetName=NetJ4_6 Pin=U4-2
Added Pin To Net: NetName=GND Pin=U4-3
Added Pin To Net: NetName=TPU Pin=U4-4
Added Pin To Net: NetName=TPL Pin=U4-5
Added Pin To Net: NetName=TPD Pin=U4-6
Added Pin To Net: NetName=TPR Pin=U4-7
Added Pin To Net: NetName=V3P3 Pin=U4-8
Added Pin To Net: NetName=SDA Pin=U4-9
Added Pin To Net: NetName=SCL Pin=U4-10
Added Pin To Net: NetName=NetR11_2 Pin=R11-2
Added Pin To Net: NetName=NetR11_2 Pin=U4-1
Added Net: Name=NetR11_2
