Removed Pin From Net: NetName=CAM_PIXCLK Pin=J1-2
Removed Pin From Net: NetName=CAM_VSYNC Pin=J1-3
Removed Pin From Net: NetName=CAM_HSYNC Pin=J1-4
Removed Pin From Net: NetName=CAM_STROBE Pin=J1-5
Removed Pin From Net: NetName=CAM_D0 Pin=J1-6
Removed Pin From Net: NetName=CAM_D1 Pin=J1-7
Removed Pin From Net: NetName=CAM_D2 Pin=J1-8
Removed Pin From Net: NetName=CAM_D3 Pin=J2-1
Removed Pin From Net: NetName=CAM_D4 Pin=J2-2
Removed Pin From Net: NetName=CAM_D5 Pin=J2-3
Removed Pin From Net: NetName=CAM_D6 Pin=J2-4
Removed Pin From Net: NetName=CAM_D7 Pin=J2-5
Removed Pin From Net: NetName=CAM_RST Pin=J3-1
Added Pin To Net: NetName=CAM_STROBE Pin=J1-2
Added Pin To Net: NetName=CAM_HSYNC Pin=J1-3
Added Pin To Net: NetName=CAM_VSYNC Pin=J1-4
Added Pin To Net: NetName=CAM_PIXCLK Pin=J1-5
Added Pin To Net: NetName=CAM_D7 Pin=J1-6
Added Pin To Net: NetName=CAM_D6 Pin=J1-7
Added Pin To Net: NetName=CAM_D5 Pin=J1-8
Added Pin To Net: NetName=CAM_D4 Pin=J2-1
Added Pin To Net: NetName=CAM_D3 Pin=J2-2
Added Pin To Net: NetName=CAM_D2 Pin=J2-3
Added Pin To Net: NetName=CAM_D1 Pin=J2-4
Added Pin To Net: NetName=CAM_D0 Pin=J2-5
Added Pin To Net: NetName=CAM_RST Pin=J3-3
