Removed Pin From Net: NetName=DCMI_HSYNC Pin=J1-1
Removed Pin From Net: NetName=DCMI_VSYNC Pin=J1-2
Removed Pin From Net: NetName=DCMI_PIXCLK Pin=J1-3
Removed Pin From Net: NetName=DCMI_D0 Pin=J1-4
Removed Pin From Net: NetName=DCMI_D1 Pin=J1-5
Removed Pin From Net: NetName=DCMI_D2 Pin=J1-6
Removed Pin From Net: NetName=DCMI_D3 Pin=J1-7
Removed Pin From Net: NetName=DCMI_D4 Pin=J1-8
Removed Pin From Net: NetName=DCMI_D5 Pin=J2-1
Removed Pin From Net: NetName=DCMI_D6 Pin=J2-2
Removed Pin From Net: NetName=DCMI_D7 Pin=J2-3
Removed Pin From Net: NetName=DCMI_D8 Pin=J2-4
Removed Pin From Net: NetName=DCMI_D9 Pin=J2-5
Removed Pin From Net: NetName=DCMI_D10 Pin=J2-6
Removed Pin From Net: NetName=DCMI_D11 Pin=J3-1
Removed Pin From Net: NetName=CAM_OE Pin=J3-2
Removed Pin From Net: NetName=CAM_RST Pin=J3-3
Removed Pin From Net: NetName=I2C_SCL Pin=J3-5
Removed Pin From Net: NetName=I2C_SDA Pin=J3-6
Added Pin To Net: NetName=CAM_OE Pin=J1-1
Added Pin To Net: NetName=CAM_RST Pin=J1-2
Added Pin To Net: NetName=I2C_SCL Pin=J1-3
Added Pin To Net: NetName=I2C_SDA Pin=J1-4
Added Pin To Net: NetName=DCMI_PIXCLK Pin=J1-5
Added Pin To Net: NetName=DCMI_D11 Pin=J1-6
Added Pin To Net: NetName=DCMI_D10 Pin=J1-7
Added Pin To Net: NetName=DCMI_D9 Pin=J1-8
Added Pin To Net: NetName=DCMI_D8 Pin=J2-1
Added Pin To Net: NetName=DCMI_D7 Pin=J2-2
Added Pin To Net: NetName=DCMI_D6 Pin=J2-3
Added Pin To Net: NetName=DCMI_D5 Pin=J2-4
Added Pin To Net: NetName=DCMI_D4 Pin=J2-5
Added Pin To Net: NetName=DCMI_VSYNC Pin=J3-1
Added Pin To Net: NetName=DCMI_HSYNC Pin=J3-2
Added Pin To Net: NetName=DCMI_D0 Pin=J3-3
Added Pin To Net: NetName=DCMI_D1 Pin=J3-4
Added Pin To Net: NetName=DCMI_D2 Pin=J3-5
Added Pin To Net: NetName=DCMI_D3 Pin=J3-6
Added Pin To Net: NetName=CAMERA_LED Pin=J2-6
Added Pin To Net: NetName=CAMERA_LED Pin=LED1-1
Added Net: Name=CAMERA_LED
