Removed Pin From Net: NetName=CAM_RST Pin=J1-2
Removed Pin From Net: NetName=I2C_SCL Pin=J1-3
Removed Pin From Net: NetName=I2C_SDA Pin=J1-4
Added Component: Designator=C1(C_ERA-0402)
Added Component: Designator=C2(C_ERA-0402)
Added Component: Designator=C3(C_ERA-0402)
Added Component: Designator=C4(C_ERA-0402)
Added Component: Designator=C5(C_ERA-0402)
Added Component: Designator=C6(C_ERA-0402)
Added Component: Designator=R1(ERA-0402)
Added Component: Designator=R2(ERA-0402)
Added Component: Designator=R3(ERA-0402)
Added Component: Designator=R4(ERA-0402)
Added Component: Designator=R5(ERA-0402)
Added Component: Designator=R6(ERA-0402)
Added Component: Designator=U2(SOT95P280X90-5N)
Added Component: Designator=U3(SOT95P280X90-5N)
Added Pin To Net: NetName=GND Pin=C2-1
Added Pin To Net: NetName=V3P3 Pin=C2-2
Added Pin To Net: NetName=GND Pin=C3-1
Added Pin To Net: NetName=V2P8 Pin=C4-2
Added Pin To Net: NetName=GND Pin=C5-1
Added Pin To Net: NetName=V3P3 Pin=C5-2
Added Pin To Net: NetName=GND Pin=C6-1
Added Pin To Net: NetName=V2P8 Pin=C6-2
Added Pin To Net: NetName=CAM_RST Pin=J3-1
Added Pin To Net: NetName=V3P3 Pin=R2-1
Added Pin To Net: NetName=I2C_SDA Pin=R2-2
Added Pin To Net: NetName=V3P3 Pin=R3-1
Added Pin To Net: NetName=I2C_SCL Pin=R3-2
Added Pin To Net: NetName=GND Pin=R4-2
Added Pin To Net: NetName=V2P8 Pin=R5-1
Added Pin To Net: NetName=GND Pin=R6-2
Added Pin To Net: NetName=V3P3 Pin=U2-1
Added Pin To Net: NetName=V3P3 Pin=U2-3
Added Pin To Net: NetName=V3P3 Pin=U3-1
Added Pin To Net: NetName=V3P3 Pin=U3-3
Added Pin To Net: NetName=V2P8 Pin=U3-5
Added Pin To Net: NetName=CAM_CLK_IN Pin=J1-1
Added Net: Name=CAM_CLK_IN
Added Pin To Net: NetName=CAM_D0 Pin=J1-6
Added Net: Name=CAM_D0
Added Pin To Net: NetName=CAM_D1 Pin=J1-7
Added Net: Name=CAM_D1
Added Pin To Net: NetName=CAM_D2 Pin=J1-8
Added Net: Name=CAM_D2
Added Pin To Net: NetName=CAM_D3 Pin=J2-1
Added Net: Name=CAM_D3
Added Pin To Net: NetName=CAM_D4 Pin=J2-2
Added Net: Name=CAM_D4
Added Pin To Net: NetName=CAM_D5 Pin=J2-3
Added Net: Name=CAM_D5
Added Pin To Net: NetName=CAM_D6 Pin=J2-4
Added Net: Name=CAM_D6
Added Pin To Net: NetName=CAM_D7 Pin=J2-5
Added Net: Name=CAM_D7
Added Pin To Net: NetName=CAM_HSYNC Pin=J1-4
Added Net: Name=CAM_HSYNC
Added Pin To Net: NetName=CAM_PIXCLK Pin=J1-2
Added Net: Name=CAM_PIXCLK
Added Pin To Net: NetName=CAM_STROBE Pin=J1-5
Added Net: Name=CAM_STROBE
Added Pin To Net: NetName=CAM_VSYNC Pin=J1-3
Added Net: Name=CAM_VSYNC
Added Pin To Net: NetName=NetC1_1 Pin=C1-1
Added Pin To Net: NetName=NetC1_1 Pin=R1-2
Added Pin To Net: NetName=NetC1_1 Pin=R4-1
Added Pin To Net: NetName=NetC1_1 Pin=U2-4
Added Net: Name=NetC1_1
Added Pin To Net: NetName=NetC4_1 Pin=C4-1
Added Pin To Net: NetName=NetC4_1 Pin=R5-2
Added Pin To Net: NetName=NetC4_1 Pin=R6-1
Added Pin To Net: NetName=NetC4_1 Pin=U3-4
Added Net: Name=NetC4_1
Added Pin To Net: NetName=V1P6 Pin=C1-2
Added Pin To Net: NetName=V1P6 Pin=C3-2
Added Pin To Net: NetName=V1P6 Pin=R1-1
Added Pin To Net: NetName=V1P6 Pin=U2-5
Added Net: Name=V1P6
